# JRE version: OpenJDK Runtime Environment Corretto-18.0.2.9.1 (18.0.2+9) (build 18.0.2+9-FR)
# Java VM: OpenJDK 64-Bit Server VM Corretto-18.0.2.9.1 (18.0.2+9-FR, mixed mode, sharing, tiered, compressed oops, compressed class ptrs, g1 gc, windows-amd64)
GC Precious Log:
 CardTable entry size: 512
 Card Set container configuration: InlinePtr #cards 5 size 8 Array Of Cards #cards 12 size 40 Howl #buckets 4 coarsen threshold 1843 Howl Bitmap #cards 512 size 80 coarsen threshold 460 Card regions per heap region 1 cards per card region 2048
 CPUs: 12 total, 12 available
 Memory: 7933M
 Large Page Support: Disabled
 NUMA Support: Disabled
 Compressed Oops: Enabled (32-bit)
 Heap Region Size: 1M
 Heap Min Capacity: 8M
 Heap Initial Capacity: 124M
 Heap Max Capacity: 1984M
 Pre-touch: Disabled
 Parallel Workers: 10
 Concurrent Workers: 3
 Concurrent Refinement Workers: 10
 Periodic GC: Disabled
Heap:
 garbage-first heap   total 153600K, used 101156K [0x0000000084000000, 0x0000000100000000)
  region size 1024K, 33 young (33792K), 3 survivors (3072K)
 Metaspace       used 28555K, committed 28928K, reserved 1114112K
  class space    used 3286K, committed 3456K, reserved 1048576K
GC Heap History (18 events):
Event: 0.458 GC heap before
{Heap before GC invocations=0 (full 0):
 garbage-first heap   total 126976K, used 24576K [0x0000000084000000, 0x0000000100000000)
  region size 1024K, 23 young (23552K), 0 survivors (0K)
 Metaspace       used 5911K, committed 6144K, reserved 1114112K
  class space    used 654K, committed 768K, reserved 1048576K
}
Event: 0.463 GC heap after
{Heap after GC invocations=1 (full 0):
 garbage-first heap   total 126976K, used 6628K [0x0000000084000000, 0x0000000100000000)
  region size 1024K, 3 young (3072K), 3 survivors (3072K)
 Metaspace       used 5911K, committed 6144K, reserved 1114112K
  class space    used 654K, committed 768K, reserved 1048576K
}
Event: 1.133 GC heap before
{Heap before GC invocations=1 (full 0):
 garbage-first heap   total 126976K, used 47588K [0x0000000084000000, 0x0000000100000000)
  region size 1024K, 33 young (33792K), 3 survivors (3072K)
 Metaspace       used 15188K, committed 15424K, reserved 1114112K
  class space    used 1740K, committed 1856K, reserved 1048576K
}
Event: 1.142 GC heap after
{Heap after GC invocations=2 (full 0):
 garbage-first heap   total 126976K, used 22720K [0x0000000084000000, 0x0000000100000000)
  region size 1024K, 5 young (5120K), 5 survivors (5120K)
 Metaspace       used 15188K, committed 15424K, reserved 1114112K
  class space    used 1740K, committed 1856K, reserved 1048576K
}
Event: 1.225 GC heap before
{Heap before GC invocations=2 (full 0):
 garbage-first heap   total 126976K, used 73920K [0x0000000084000000, 0x0000000100000000)
  region size 1024K, 55 young (56320K), 5 survivors (5120K)
 Metaspace       used 15279K, committed 15488K, reserved 1114112K
  class space    used 1751K, committed 1856K, reserved 1048576K
}
Event: 1.237 GC heap after
{Heap after GC invocations=3 (full 0):
 garbage-first heap   total 126976K, used 28078K [0x0000000084000000, 0x0000000100000000)
  region size 1024K, 6 young (6144K), 6 survivors (6144K)
 Metaspace       used 15279K, committed 15488K, reserved 1114112K
  class space    used 1751K, committed 1856K, reserved 1048576K
}
Event: 1.422 GC heap before
{Heap before GC invocations=3 (full 0):
 garbage-first heap   total 126976K, used 82350K [0x0000000084000000, 0x0000000100000000)
  region size 1024K, 59 young (60416K), 6 survivors (6144K)
 Metaspace       used 16377K, committed 16640K, reserved 1114112K
  class space    used 1927K, committed 2048K, reserved 1048576K
}
Event: 1.436 GC heap after
{Heap after GC invocations=4 (full 0):
 garbage-first heap   total 126976K, used 33728K [0x0000000084000000, 0x0000000100000000)
  region size 1024K, 6 young (6144K), 6 survivors (6144K)
 Metaspace       used 16377K, committed 16640K, reserved 1114112K
  class space    used 1927K, committed 2048K, reserved 1048576K
}
Event: 1.897 GC heap before
{Heap before GC invocations=4 (full 0):
 garbage-first heap   total 126976K, used 85952K [0x0000000084000000, 0x0000000100000000)
  region size 1024K, 58 young (59392K), 6 survivors (6144K)
 Metaspace       used 21247K, committed 21504K, reserved 1114112K
  class space    used 2707K, committed 2880K, reserved 1048576K
}
Event: 1.912 GC heap after
{Heap after GC invocations=5 (full 0):
 garbage-first heap   total 204800K, used 40810K [0x0000000084000000, 0x0000000100000000)
  region size 1024K, 7 young (7168K), 7 survivors (7168K)
 Metaspace       used 21247K, committed 21504K, reserved 1114112K
  class space    used 2707K, committed 2880K, reserved 1048576K
}
Event: 3.397 GC heap before
{Heap before GC invocations=6 (full 0):
 garbage-first heap   total 140288K, used 139114K [0x0000000084000000, 0x0000000100000000)
  region size 1024K, 80 young (81920K), 7 survivors (7168K)
 Metaspace       used 28214K, committed 28544K, reserved 1114112K
  class space    used 3277K, committed 3456K, reserved 1048576K
}
Event: 3.405 GC heap after
{Heap after GC invocations=7 (full 0):
 garbage-first heap   total 153600K, used 69298K [0x0000000084000000, 0x0000000100000000)
  region size 1024K, 6 young (6144K), 6 survivors (6144K)
 Metaspace       used 28214K, committed 28544K, reserved 1114112K
  class space    used 3277K, committed 3456K, reserved 1048576K
}
Event: 3.413 GC heap before
{Heap before GC invocations=7 (full 0):
 garbage-first heap   total 153600K, used 70322K [0x0000000084000000, 0x0000000100000000)
  region size 1024K, 7 young (7168K), 6 survivors (6144K)
 Metaspace       used 28220K, committed 28544K, reserved 1114112K
  class space    used 3277K, committed 3456K, reserved 1048576K
}
Event: 3.416 GC heap after
{Heap after GC invocations=8 (full 0):
 garbage-first heap   total 153600K, used 69303K [0x0000000084000000, 0x0000000100000000)
  region size 1024K, 1 young (1024K), 1 survivors (1024K)
 Metaspace       used 28220K, committed 28544K, reserved 1114112K
  class space    used 3277K, committed 3456K, reserved 1048576K
}
Event: 3.946 GC heap before
{Heap before GC invocations=8 (full 0):
 garbage-first heap   total 153600K, used 118455K [0x0000000084000000, 0x0000000100000000)
  region size 1024K, 50 young (51200K), 1 survivors (1024K)
 Metaspace       used 28337K, committed 28672K, reserved 1114112K
  class space    used 3278K, committed 3456K, reserved 1048576K
}
Event: 3.949 GC heap after
{Heap after GC invocations=9 (full 0):
 garbage-first heap   total 153600K, used 70246K [0x0000000084000000, 0x0000000100000000)
  region size 1024K, 2 young (2048K), 2 survivors (2048K)
 Metaspace       used 28337K, committed 28672K, reserved 1114112K
  class space    used 3278K, committed 3456K, reserved 1048576K
}
Event: 4.629 GC heap before
{Heap before GC invocations=10 (full 0):
 garbage-first heap   total 153600K, used 122470K [0x0000000084000000, 0x0000000100000000)
  region size 1024K, 53 young (54272K), 2 survivors (2048K)
 Metaspace       used 28449K, committed 28800K, reserved 1114112K
  class space    used 3284K, committed 3456K, reserved 1048576K
}
Event: 4.634 GC heap after
{Heap after GC invocations=11 (full 0):
 garbage-first heap   total 153600K, used 71460K [0x0000000084000000, 0x0000000100000000)
  region size 1024K, 3 young (3072K), 3 survivors (3072K)
 Metaspace       used 28449K, committed 28800K, reserved 1114112K
  class space    used 3284K, committed 3456K, reserved 1048576K
}

